<?xml version="1.0" encoding="UTF-8"?>
<testng-results skipped="0" failed="0" ignored="0" total="1" passed="1">
  <reporter-output>
  </reporter-output>
  <suite name="Default suite" duration-ms="9283" started-at="2018-06-10T18:54:32Z" finished-at="2018-06-10T18:54:41Z">
    <groups>
    </groups>
    <test name="Default test" duration-ms="9283" started-at="2018-06-10T18:54:32Z" finished-at="2018-06-10T18:54:41Z">
      <class name="co.testNg.programe.TestNGteting">
        <test-method status="PASS" signature="invokebrowser()[pri:0, instance:co.testNg.programe.TestNGteting@23d2a7e8]" name="invokebrowser" duration-ms="9257" started-at="2018-06-10T18:54:32Z" finished-at="2018-06-10T18:54:41Z">
          <reporter-output>
          </reporter-output>
        </test-method> <!-- invokebrowser -->
      </class> <!-- co.testNg.programe.TestNGteting -->
    </test> <!-- Default test -->
  </suite> <!-- Default suite -->
</testng-results>
